# JRE version: Java(TM) SE Runtime Environment (8.0_144-b01) (build 1.8.0_144-b01)
# Java VM: Java HotSpot(TM) 64-Bit Server VM (25.144-b01 mixed mode windows-amd64 compressed oops)
Heap:
 garbage-first heap   total 419840K, used 208384K [0x00000000c0000000, 0x00000000c0100cd0, 0x0000000100000000)
  region size 1024K, 9 young (9216K), 3 survivors (3072K)
 Metaspace       used 42735K, capacity 45094K, committed 45388K, reserved 1089536K
  class space    used 4578K, capacity 5374K, committed 5452K, reserved 1048576K
GC Heap History (10 events):
Event: 33536.725 GC heap before
{Heap before GC invocations=36 (full 0):
 garbage-first heap   total 419840K, used 216512K [0x00000000c0000000, 0x00000000c0100cd0, 0x0000000100000000)
  region size 1024K, 25 young (25600K), 24 survivors (24576K)
 Metaspace       used 42726K, capacity 45086K, committed 45388K, reserved 1089536K
  class space    used 4580K, capacity 5360K, committed 5452K, reserved 1048576K
Event: 33536.747 GC heap after
Heap after GC invocations=37 (full 0):
 garbage-first heap   total 419840K, used 203200K [0x00000000c0000000, 0x00000000c0100cd0, 0x0000000100000000)
  region size 1024K, 3 young (3072K), 3 survivors (3072K)
 Metaspace       used 42726K, capacity 45086K, committed 45388K, reserved 1089536K
  class space    used 4580K, capacity 5360K, committed 5452K, reserved 1048576K
}
Event: 56421.033 GC heap before
{Heap before GC invocations=38 (full 0):
 garbage-first heap   total 419840K, used 227840K [0x00000000c0000000, 0x00000000c0100cd0, 0x0000000100000000)
  region size 1024K, 156 young (159744K), 3 survivors (3072K)
 Metaspace       used 42699K, capacity 45062K, committed 45388K, reserved 1089536K
  class space    used 4571K, capacity 5342K, committed 5452K, reserved 1048576K
Event: 56421.888 GC heap after
Heap after GC invocations=39 (full 0):
 garbage-first heap   total 419840K, used 210432K [0x00000000c0000000, 0x00000000c0100cd0, 0x0000000100000000)
  region size 1024K, 20 young (20480K), 20 survivors (20480K)
 Metaspace       used 42699K, capacity 45062K, committed 45388K, reserved 1089536K
  class space    used 4571K, capacity 5342K, committed 5452K, reserved 1048576K
}
Event: 56532.743 GC heap before
{Heap before GC invocations=39 (full 0):
 garbage-first heap   total 419840K, used 211456K [0x00000000c0000000, 0x00000000c0100cd0, 0x0000000100000000)
  region size 1024K, 21 young (21504K), 20 survivors (20480K)
 Metaspace       used 42700K, capacity 45062K, committed 45388K, reserved 1089536K
  class space    used 4571K, capacity 5342K, committed 5452K, reserved 1048576K
Event: 56532.753 GC heap after
Heap after GC invocations=40 (full 0):
 garbage-first heap   total 419840K, used 186880K [0x00000000c0000000, 0x00000000c0100cd0, 0x0000000100000000)
  region size 1024K, 3 young (3072K), 3 survivors (3072K)
 Metaspace       used 42700K, capacity 45062K, committed 45388K, reserved 1089536K
  class space    used 4571K, capacity 5342K, committed 5452K, reserved 1048576K
}
Event: 58578.054 GC heap before
{Heap before GC invocations=40 (full 0):
 garbage-first heap   total 419840K, used 204288K [0x00000000c0000000, 0x00000000c0100cd0, 0x0000000100000000)
  region size 1024K, 20 young (20480K), 3 survivors (3072K)
 Metaspace       used 42702K, capacity 45062K, committed 45388K, reserved 1089536K
  class space    used 4571K, capacity 5342K, committed 5452K, reserved 1048576K
Event: 58578.168 GC heap after
Heap after GC invocations=41 (full 0):
 garbage-first heap   total 419840K, used 195584K [0x00000000c0000000, 0x00000000c0100cd0, 0x0000000100000000)
  region size 1024K, 3 young (3072K), 3 survivors (3072K)
 Metaspace       used 42702K, capacity 45062K, committed 45388K, reserved 1089536K
  class space    used 4571K, capacity 5342K, committed 5452K, reserved 1048576K
}
Event: 60584.190 GC heap before
{Heap before GC invocations=41 (full 0):
 garbage-first heap   total 419840K, used 212992K [0x00000000c0000000, 0x00000000c0100cd0, 0x0000000100000000)
  region size 1024K, 20 young (20480K), 3 survivors (3072K)
 Metaspace       used 42706K, capacity 45062K, committed 45388K, reserved 1089536K
  class space    used 4571K, capacity 5342K, committed 5452K, reserved 1048576K
Event: 60584.288 GC heap after
Heap after GC invocations=42 (full 0):
 garbage-first heap   total 419840K, used 203264K [0x00000000c0000000, 0x00000000c0100cd0, 0x0000000100000000)
  region size 1024K, 3 young (3072K), 3 survivors (3072K)
 Metaspace       used 42706K, capacity 45062K, committed 45388K, reserved 1089536K
  class space    used 4571K, capacity 5342K, committed 5452K, reserved 1048576K
}

